Using pre-set license
Built from '2021.2/staging' branch; Version is '2021.2.12f1 (48b1aa000234) revision 4764074'; Using compiler version '192829333'; Build Type 'Release'
OS: 'Windows 10  (10.0.19044) 64bit Professional' Language: 'es' Physical Memory: 16336 MB
BatchMode: 1, IsHumanControllingUs: 0, StartBugReporterOnCrash: 0, Is64bit: 1, IsPro: 0

COMMAND LINE ARGUMENTS:
C:\Program Files\Unity\2021.2.12f1\Editor\Unity.exe
-adb2
-batchMode
-noUpm
-name
AssetImportWorker0
-projectPath
F:/Unicornio Emperador/Unity/Emperor0_2/UnicornioEmperador0_2/UnicornioEmperador0_2
-logFile
Logs/AssetImportWorker0.log
-srvPort
62011
Successfully changed project path to: F:/Unicornio Emperador/Unity/Emperor0_2/UnicornioEmperador0_2/UnicornioEmperador0_2
F:/Unicornio Emperador/Unity/Emperor0_2/UnicornioEmperador0_2/UnicornioEmperador0_2
[UnityMemory] Configuration Parameters - Can be set up in boot.config
    "memorysetup-bucket-allocator-granularity=16"
    "memorysetup-bucket-allocator-bucket-count=8"
    "memorysetup-bucket-allocator-block-size=33554432"
    "memorysetup-bucket-allocator-block-count=8"
    "memorysetup-main-allocator-block-size=16777216"
    "memorysetup-thread-allocator-block-size=16777216"
    "memorysetup-gfx-main-allocator-block-size=16777216"
    "memorysetup-gfx-thread-allocator-block-size=16777216"
    "memorysetup-cache-allocator-block-size=4194304"
    "memorysetup-typetree-allocator-block-size=2097152"
    "memorysetup-profiler-bucket-allocator-granularity=16"
    "memorysetup-profiler-bucket-allocator-bucket-count=8"
    "memorysetup-profiler-bucket-allocator-block-size=33554432"
    "memorysetup-profiler-bucket-allocator-block-count=8"
    "memorysetup-profiler-allocator-block-size=16777216"
    "memorysetup-profiler-editor-allocator-block-size=1048576"
    "memorysetup-temp-allocator-size-main=16777216"
    "memorysetup-job-temp-allocator-block-size=2097152"
    "memorysetup-job-temp-allocator-block-size-background=1048576"
    "memorysetup-job-temp-allocator-reduction-small-platforms=262144"
    "memorysetup-temp-allocator-size-background-worker=32768"
    "memorysetup-temp-allocator-size-job-worker=262144"
    "memorysetup-temp-allocator-size-preload-manager=33554432"
    "memorysetup-temp-allocator-size-nav-mesh-worker=65536"
    "memorysetup-temp-allocator-size-audio-worker=65536"
    "memorysetup-temp-allocator-size-cloud-worker=32768"
    "memorysetup-temp-allocator-size-gi-baking-worker=262144"
    "memorysetup-temp-allocator-size-gfx=262144"
Refreshing native plugins compatible for Editor in 53.16 ms, found 3 plugins.
Preloading 0 native plugins for Editor in 0.00 ms.
Initialize engine version: 2021.2.12f1 (48b1aa000234)
[Subsystems] Discovering subsystems at path C:/Program Files/Unity/2021.2.12f1/Editor/Data/Resources/UnitySubsystems
[Subsystems] Discovering subsystems at path F:/Unicornio Emperador/Unity/Emperor0_2/UnicornioEmperador0_2/UnicornioEmperador0_2/Assets
GfxDevice: creating device client; threaded=0; jobified=0
Direct3D:
    Version:  Direct3D 11.0 [level 11.1]
    Renderer: NVIDIA Quadro M4000 (ID=0x13f1)
    Vendor:   NVIDIA
    VRAM:     8144 MB
    Driver:   30.0.14.7168
Initialize mono
Mono path[0] = 'C:/Program Files/Unity/2021.2.12f1/Editor/Data/Managed'
Mono path[1] = 'C:/Program Files/Unity/2021.2.12f1/Editor/Data/MonoBleedingEdge/lib/mono/unityjit-win32'
Mono config path = 'C:/Program Files/Unity/2021.2.12f1/Editor/Data/MonoBleedingEdge/etc'
Using monoOptions --debugger-agent=transport=dt_socket,embedding=1,server=y,suspend=n,address=127.0.0.1:56888
Begin MonoManager ReloadAssembly
Registering precompiled unity dll's ...
Register platform support module: C:/Program Files/Unity/2021.2.12f1/Editor/Data/PlaybackEngines/WindowsStandaloneSupport/UnityEditor.WindowsStandalone.Extensions.dll
Registered in 0.006945 seconds.
Native extension for WindowsStandalone target not found
Refreshing native plugins compatible for Editor in 91.25 ms, found 3 plugins.
Preloading 0 native plugins for Editor in 0.00 ms.
Mono: successfully reloaded assembly
- Completed reload, in  0.985 seconds
Domain Reload Profiling:
	ReloadAssembly (986ms)
		BeginReloadAssembly (88ms)
			ExecutionOrderSort (0ms)
			DisableScriptedObjects (0ms)
			BackupInstance (0ms)
			ReleaseScriptingObjects (0ms)
			CreateAndSetChildDomain (1ms)
		EndReloadAssembly (769ms)
			LoadAssemblies (86ms)
			RebuildTransferFunctionScriptingTraits (0ms)
			SetupTypeCache (195ms)
			ReleaseScriptCaches (0ms)
			RebuildScriptCaches (66ms)
			SetupLoadedEditorAssemblies (358ms)
				LogAssemblyErrors (0ms)
				InitializePlatformSupportModulesInManaged (14ms)
				SetLoadedEditorAssemblies (0ms)
				RefreshPlugins (91ms)
				BeforeProcessingInitializeOnLoad (1ms)
				ProcessInitializeOnLoadAttributes (169ms)
				ProcessInitializeOnLoadMethodAttributes (81ms)
				AfterProcessingInitializeOnLoad (0ms)
				EditorAssembliesLoaded (0ms)
			ExecutionOrderSort2 (0ms)
			AwakeInstancesAfterBackupRestoration (0ms)
Platform modules already initialized, skipping
Registering precompiled user dll's ...
Registered in 0.003927 seconds.
Begin MonoManager ReloadAssembly
Native extension for WindowsStandalone target not found
Refreshing native plugins compatible for Editor in 49.29 ms, found 3 plugins.
Preloading 0 native plugins for Editor in 0.00 ms.
Mono: successfully reloaded assembly
- Completed reload, in  1.920 seconds
Domain Reload Profiling:
	ReloadAssembly (1921ms)
		BeginReloadAssembly (155ms)
			ExecutionOrderSort (0ms)
			DisableScriptedObjects (7ms)
			BackupInstance (0ms)
			ReleaseScriptingObjects (0ms)
			CreateAndSetChildDomain (30ms)
		EndReloadAssembly (1591ms)
			LoadAssemblies (106ms)
			RebuildTransferFunctionScriptingTraits (0ms)
			SetupTypeCache (291ms)
			ReleaseScriptCaches (1ms)
			RebuildScriptCaches (55ms)
			SetupLoadedEditorAssemblies (1084ms)
				LogAssemblyErrors (0ms)
				InitializePlatformSupportModulesInManaged (5ms)
				SetLoadedEditorAssemblies (0ms)
				RefreshPlugins (49ms)
				BeforeProcessingInitializeOnLoad (91ms)
				ProcessInitializeOnLoadAttributes (887ms)
				ProcessInitializeOnLoadMethodAttributes (42ms)
				AfterProcessingInitializeOnLoad (9ms)
				EditorAssembliesLoaded (0ms)
			ExecutionOrderSort2 (0ms)
			AwakeInstancesAfterBackupRestoration (7ms)
Platform modules already initialized, skipping
========================================================================
Worker process is ready to serve import requests
Launched and connected shader compiler UnityShaderCompiler.exe after 0.06 seconds
Refreshing native plugins compatible for Editor in 1.10 ms, found 3 plugins.
Preloading 0 native plugins for Editor in 0.00 ms.
Unloading 2452 Unused Serialized files (Serialized files now loaded: 0)
Unloading 43 unused Assets / (56.2 KB). Loaded Objects now: 2902.
Memory consumption went from 112.0 MB to 111.9 MB.
Total: 4.141600 ms (FindLiveObjects: 0.411400 ms CreateObjectMapping: 0.292000 ms MarkObjects: 3.348700 ms  DeleteObjects: 0.088600 ms)

AssetImportParameters requested are different than current active one (requested -> active):
  custom:video-decoder-ogg-theora: a1e56fd34408186e4bbccfd4996cb3dc -> 
  custom:container-muxer-webm: aa71ff27fc2769a1b78a27578f13a17b -> 
  custom:container-demuxer-webm: 4f35f7cbe854078d1ac9338744f61a02 -> 
  custom:video-encoder-webm-vp8: eb34c28f22e8b96e1ab97ce403110664 -> 
  custom:audio-encoder-webm-vorbis: bf7c407c2cedff20999df2af8eb42d56 -> 
  custom:framework-win-MediaFoundation: 216162199b28c13a410421893ffa2e32 -> 
  custom:container-demuxer-ogg: 62fdf1f143b41e24485cea50d1cbac27 -> 
  custom:video-decoder-webm-vp8: 9c59270c3fd7afecdb556c50c9e8de78 -> 
  custom:audio-decoder-ogg-vorbis: bf7c407c2cedff20999df2af8eb42d56 -> 
========================================================================
Received Import Request.
  Time since last request: 259166.646489 seconds.
  path: Assets/Script/PlayerMovement.cs
  artifactKey: Guid(c421b3b271f26c9478d284c69c21f627) Importer(815301076,1909f56bfc062723c751e8b465ee728b)
Start importing Assets/Script/PlayerMovement.cs using Guid(c421b3b271f26c9478d284c69c21f627) Importer(815301076,1909f56bfc062723c751e8b465ee728b)  -> (artifact id: '7ca9b8ad411ab47ff26a36b6a0358a9c') in 0.088672 seconds 
========================================================================
Received Import Request.
  Time since last request: 133.744561 seconds.
  path: Assets/Character/Emperor/Run/EmperorRunE.anim
  artifactKey: Guid(f3dc8349559fde8469b3cdea4f2f238d) Importer(815301076,1909f56bfc062723c751e8b465ee728b)
Start importing Assets/Character/Emperor/Run/EmperorRunE.anim using Guid(f3dc8349559fde8469b3cdea4f2f238d) Importer(815301076,1909f56bfc062723c751e8b465ee728b)  -> (artifact id: 'fc16769f3c020049aac2ab4407485dff') in 0.021275 seconds 
========================================================================
Received Import Request.
  Time since last request: 30.314380 seconds.
  path: Assets/Animation/Emperor/RunE.anim
  artifactKey: Guid(f3dc8349559fde8469b3cdea4f2f238d) Importer(815301076,1909f56bfc062723c751e8b465ee728b)
Start importing Assets/Animation/Emperor/RunE.anim using Guid(f3dc8349559fde8469b3cdea4f2f238d) Importer(815301076,1909f56bfc062723c751e8b465ee728b)  -> (artifact id: '1327c9e2858ff74d52e5df81cf159381') in 0.007765 seconds 
========================================================================
Received Import Request.
  Time since last request: 4.109297 seconds.
  path: Assets/Animation/Emperor/RunN.anim
  artifactKey: Guid(f7286b20be9799b49afe56b69609e4ca) Importer(815301076,1909f56bfc062723c751e8b465ee728b)
Start importing Assets/Animation/Emperor/RunN.anim using Guid(f7286b20be9799b49afe56b69609e4ca) Importer(815301076,1909f56bfc062723c751e8b465ee728b)  -> (artifact id: '9f0783979e6b86dcff99bedf4cbf2d9d') in 0.008563 seconds 
========================================================================
Received Import Request.
  Time since last request: 5.652929 seconds.
  path: Assets/Animation/Emperor/IdleN.anim
  artifactKey: Guid(904aa8c593dc8e840a582f2f1d0adee9) Importer(815301076,1909f56bfc062723c751e8b465ee728b)
Start importing Assets/Animation/Emperor/IdleN.anim using Guid(904aa8c593dc8e840a582f2f1d0adee9) Importer(815301076,1909f56bfc062723c751e8b465ee728b)  -> (artifact id: '66d545952f8bf1d3707b4ab45279deab') in 0.007512 seconds 
========================================================================
Received Import Request.
  Time since last request: 52.097434 seconds.
  path: Assets/Character/Emperor/Run/RunE.anim
  artifactKey: Guid(832c5f1b19b06904a938d481c20bd5ad) Importer(815301076,1909f56bfc062723c751e8b465ee728b)
Start importing Assets/Character/Emperor/Run/RunE.anim using Guid(832c5f1b19b06904a938d481c20bd5ad) Importer(815301076,1909f56bfc062723c751e8b465ee728b)  -> (artifact id: '1126289e32f506ff80b1469f8998348c') in 0.002283 seconds 
